<?xml version="1.0" encoding="UTF-8"?>
<!-- Generated by org.testng.reporters.JUnitXMLReporter -->
<testsuite ignored="0" hostname="DESKTOP-BA8IRSF" failures="0" tests="2" name="Error Validations Test" time="18.272" errors="0" timestamp="2023-02-02T00:55:28 IST">
  <testcase classname="sunaySheshgir.ErrorValidationsTest" name="loginErrorValidation" time="0.302"/>
  <testcase classname="sunaySheshgir.ErrorValidationsTest" name="productErrorValidation" time="14.275"/>
</testsuite> <!-- Error Validations Test -->
