<?xml version="1.0" encoding="UTF-8"?>
<!-- Generated by org.testng.reporters.JUnitXMLReporter -->
<testsuite ignored="0" hostname="DESKTOP-BA8IRSF" failures="0" tests="3" name="Submit Order Test" time="24.858" errors="0" timestamp="2023-02-02T00:55:34 IST">
  <testcase classname="sunaySheshgir.dummystandAloneTest" name="submitOrderTest" time="15.068"/>
  <testcase classname="sunaySheshgir.dummystandAloneTest" name="submitOrderTest" time="2.452"/>
  <testcase classname="sunaySheshgir.dummystandAloneTest" name="orderHistoryTest" time="1.459"/>
</testsuite> <!-- Submit Order Test -->
