<?xml version="1.0" encoding="UTF-8"?>
<!-- Generated by org.testng.reporters.JUnitXMLReporter -->
<testsuite ignored="0" hostname="DESKTOP-BA8IRSF" failures="0" tests="3" name="Submit Order Test" time="33.847" errors="0" timestamp="2023-02-16T01:20:21 IST">
  <testcase classname="sunaySheshgir.dummystandAloneTest" name="submitOrderTest" time="16.21"/>
  <testcase classname="sunaySheshgir.dummystandAloneTest" name="submitOrderTest" time="2.546"/>
  <testcase classname="sunaySheshgir.dummystandAloneTest" name="orderHistoryTest" time="1.457"/>
</testsuite> <!-- Submit Order Test -->
